TN:
SF:src/DataLayer/Contenxt/User.ts
FN:3,(anonymous_1)
FN:93,(anonymous_2)
FNF:2
FNH:2
FNDA:1,(anonymous_1)
FNDA:1,(anonymous_2)
DA:1,1
DA:3,1
DA:4,1
DA:5,1
DA:6,1
DA:43,1
DA:93,1
DA:94,1
DA:97,1
DA:99,1
LF:10
LH:10
BRDA:3,0,0,1
BRDA:3,0,1,1
BRF:2
BRH:2
end_of_record
TN:
SF:src/DataLayer/Repository/UnitOfWork/UnitOfWork.ts
FN:5,(anonymous_1)
FN:8,UnitOfWork
FNF:2
FNH:2
FNDA:1,(anonymous_1)
FNDA:1,UnitOfWork
DA:2,1
DA:5,1
DA:9,1
DA:12,1
LF:4
LH:4
BRF:0
BRH:0
end_of_record
TN:
SF:src/DataLayer/Repository/User/UserRepository.ts
FN:8,(anonymous_14)
FN:10,(anonymous_16)
FN:28,(anonymous_19)
FN:30,(anonymous_20)
FN:33,(anonymous_21)
FNF:5
FNH:4
FNDA:2,(anonymous_14)
FNDA:1,(anonymous_16)
FNDA:1,(anonymous_19)
FNDA:0,(anonymous_20)
FNDA:1,(anonymous_21)
DA:1,1
DA:3,1
DA:5,1
DA:6,1
DA:8,1
DA:10,1
DA:12,1
DA:13,1
DA:14,1
DA:28,1
DA:29,1
DA:31,0
DA:34,1
DA:40,1
LF:14
LH:13
BRDA:12,0,0,1
BRF:1
BRH:1
end_of_record
TN:
SF:src/Domain/Aggregate/User/user.ts
FN:2,(anonymous_0)
FN:93,User
FN:19,(anonymous_2)
FN:22,(anonymous_3)
FN:25,(anonymous_4)
FN:28,(anonymous_5)
FN:31,(anonymous_6)
FN:34,(anonymous_7)
FN:37,(anonymous_8)
FN:40,(anonymous_9)
FN:43,(anonymous_10)
FN:46,(anonymous_11)
FN:49,(anonymous_12)
FN:52,(anonymous_13)
FN:55,(anonymous_14)
FN:58,(anonymous_15)
FN:61,(anonymous_16)
FN:64,(anonymous_17)
FN:67,(anonymous_18)
FN:70,(anonymous_19)
FN:73,(anonymous_20)
FN:76,(anonymous_21)
FN:79,(anonymous_22)
FN:82,(anonymous_23)
FN:85,(anonymous_24)
FN:88,(anonymous_25)
FN:114,(anonymous_26)
FN:118,(anonymous_27)
FN:124,(anonymous_28)
FN:129,(anonymous_29)
FN:133,(anonymous_30)
FN:139,(anonymous_31)
FN:143,(anonymous_32)
FNF:33
FNH:13
FNDA:1,(anonymous_0)
FNDA:1,User
FNDA:1,(anonymous_2)
FNDA:0,(anonymous_3)
FNDA:1,(anonymous_4)
FNDA:0,(anonymous_5)
FNDA:1,(anonymous_6)
FNDA:0,(anonymous_7)
FNDA:1,(anonymous_8)
FNDA:0,(anonymous_9)
FNDA:0,(anonymous_10)
FNDA:0,(anonymous_11)
FNDA:2,(anonymous_12)
FNDA:0,(anonymous_13)
FNDA:1,(anonymous_14)
FNDA:0,(anonymous_15)
FNDA:1,(anonymous_16)
FNDA:0,(anonymous_17)
FNDA:1,(anonymous_18)
FNDA:0,(anonymous_19)
FNDA:1,(anonymous_20)
FNDA:0,(anonymous_21)
FNDA:1,(anonymous_22)
FNDA:0,(anonymous_23)
FNDA:1,(anonymous_24)
FNDA:0,(anonymous_25)
FNDA:0,(anonymous_26)
FNDA:0,(anonymous_27)
FNDA:0,(anonymous_28)
FNDA:0,(anonymous_29)
FNDA:0,(anonymous_30)
FNDA:0,(anonymous_31)
FNDA:0,(anonymous_32)
DA:2,1
DA:19,1
DA:20,1
DA:23,0
DA:25,1
DA:26,1
DA:29,0
DA:31,1
DA:32,1
DA:35,0
DA:37,1
DA:38,1
DA:41,0
DA:43,1
DA:44,0
DA:47,0
DA:49,1
DA:50,2
DA:53,0
DA:55,1
DA:56,1
DA:59,0
DA:61,1
DA:62,1
DA:65,0
DA:67,1
DA:68,1
DA:71,0
DA:73,1
DA:74,1
DA:77,0
DA:79,1
DA:80,1
DA:82,1
DA:83,0
DA:85,1
DA:86,1
DA:89,0
DA:97,2
DA:98,2
DA:100,1
DA:101,1
DA:102,1
DA:103,1
DA:104,1
DA:105,1
DA:106,1
DA:107,1
DA:108,1
DA:109,1
DA:110,1
DA:111,1
DA:114,1
DA:115,0
DA:118,1
DA:119,0
DA:120,0
DA:121,0
DA:124,1
DA:125,0
DA:126,0
DA:129,1
DA:130,0
DA:133,1
DA:134,0
DA:135,0
DA:136,0
DA:139,1
DA:140,0
DA:143,1
DA:144,0
DA:145,0
DA:148,1
LF:73
LH:47
BRDA:97,0,0,1
BRDA:97,0,1,0
BRDA:98,1,0,1
BRDA:98,1,1,0
BRF:4
BRH:2
end_of_record
TN:
SF:tests/user.test.ts
FN:9,(anonymous_14)
FN:11,(anonymous_15)
FN:20,(anonymous_18)
FNF:3
FNH:2
FNDA:1,(anonymous_14)
FNDA:2,(anonymous_15)
FNDA:0,(anonymous_18)
DA:1,1
DA:3,1
DA:4,1
DA:5,1
DA:9,1
DA:11,1
DA:13,1
DA:20,1
DA:21,0
LF:9
LH:8
BRF:0
BRH:0
end_of_record
